# JRE version: Java(TM) SE Runtime Environment (14.0.1+7) (build 14.0.1+7)
# Java VM: Java HotSpot(TM) 64-Bit Server VM (14.0.1+7, mixed mode, sharing, tiered, compressed oops, g1 gc, windows-amd64)
Heap:
 garbage-first heap   total 81920K, used 66964K [0x0000000701e00000, 0x0000000800000000)
  region size 1024K, 43 young (44032K), 3 survivors (3072K)
 Metaspace       used 39138K, capacity 41204K, committed 41344K, reserved 1085440K
  class space    used 5401K, capacity 6181K, committed 6272K, reserved 1048576K
GC Heap History (20 events):
Event: 323.245 GC heap after
{Heap after GC invocations=20 (full 2):
 garbage-first heap   total 81920K, used 24373K [0x0000000701e00000, 0x0000000800000000)
  region size 1024K, 3 young (3072K), 3 survivors (3072K)
 Metaspace       used 37539K, capacity 39389K, committed 39424K, reserved 1083392K
  class space    used 5185K, capacity 5875K, committed 5888K, reserved 1048576K
}
Event: 935.152 GC heap before
{Heap before GC invocations=20 (full 2):
 garbage-first heap   total 81920K, used 63285K [0x0000000701e00000, 0x0000000800000000)
  region size 1024K, 41 young (41984K), 3 survivors (3072K)
 Metaspace       used 37711K, capacity 39685K, committed 39808K, reserved 1083392K
  class space    used 5208K, capacity 5964K, committed 6016K, reserved 1048576K
}
Event: 935.154 GC heap after
{Heap after GC invocations=21 (full 2):
 garbage-first heap   total 81920K, used 25406K [0x0000000701e00000, 0x0000000800000000)
  region size 1024K, 4 young (4096K), 4 survivors (4096K)
 Metaspace       used 37711K, capacity 39685K, committed 39808K, reserved 1083392K
  class space    used 5208K, capacity 5964K, committed 6016K, reserved 1048576K
}
Event: 2110.826 GC heap before
{Heap before GC invocations=21 (full 2):
 garbage-first heap   total 81920K, used 63294K [0x0000000701e00000, 0x0000000800000000)
  region size 1024K, 41 young (41984K), 4 survivors (4096K)
 Metaspace       used 37795K, capacity 39778K, committed 40064K, reserved 1083392K
  class space    used 5224K, capacity 5982K, committed 6016K, reserved 1048576K
}
Event: 2110.829 GC heap after
{Heap after GC invocations=22 (full 2):
 garbage-first heap   total 81920K, used 25688K [0x0000000701e00000, 0x0000000800000000)
  region size 1024K, 3 young (3072K), 3 survivors (3072K)
 Metaspace       used 37795K, capacity 39778K, committed 40064K, reserved 1083392K
  class space    used 5224K, capacity 5982K, committed 6016K, reserved 1048576K
}
Event: 3335.668 GC heap before
{Heap before GC invocations=22 (full 2):
 garbage-first heap   total 81920K, used 64600K [0x0000000701e00000, 0x0000000800000000)
  region size 1024K, 41 young (41984K), 3 survivors (3072K)
 Metaspace       used 37797K, capacity 39781K, committed 40064K, reserved 1083392K
  class space    used 5225K, capacity 5983K, committed 6016K, reserved 1048576K
}
Event: 3335.671 GC heap after
{Heap after GC invocations=23 (full 2):
 garbage-first heap   total 81920K, used 25681K [0x0000000701e00000, 0x0000000800000000)
  region size 1024K, 3 young (3072K), 3 survivors (3072K)
 Metaspace       used 37797K, capacity 39781K, committed 40064K, reserved 1083392K
  class space    used 5225K, capacity 5983K, committed 6016K, reserved 1048576K
}
Event: 4608.525 GC heap before
{Heap before GC invocations=23 (full 2):
 garbage-first heap   total 81920K, used 65617K [0x0000000701e00000, 0x0000000800000000)
  region size 1024K, 42 young (43008K), 3 survivors (3072K)
 Metaspace       used 37811K, capacity 39793K, committed 40064K, reserved 1083392K
  class space    used 5226K, capacity 5985K, committed 6016K, reserved 1048576K
}
Event: 4608.528 GC heap after
{Heap after GC invocations=24 (full 2):
 garbage-first heap   total 81920K, used 25561K [0x0000000701e00000, 0x0000000800000000)
  region size 1024K, 3 young (3072K), 3 survivors (3072K)
 Metaspace       used 37811K, capacity 39793K, committed 40064K, reserved 1083392K
  class space    used 5226K, capacity 5985K, committed 6016K, reserved 1048576K
}
Event: 5592.800 GC heap before
{Heap before GC invocations=24 (full 2):
 garbage-first heap   total 81920K, used 64473K [0x0000000701e00000, 0x0000000800000000)
  region size 1024K, 42 young (43008K), 3 survivors (3072K)
 Metaspace       used 39138K, capacity 41204K, committed 41344K, reserved 1085440K
  class space    used 5401K, capacity 6181K, committed 6272K, reserved 1048576K
}
Event: 5592.803 GC heap after
{Heap after GC invocations=25 (full 2):
 garbage-first heap   total 81920K, used 25897K [0x0000000701e00000, 0x0000000800000000)
  region size 1024K, 3 young (3072K), 3 survivors (3072K)
 Metaspace       used 39138K, capacity 41204K, committed 41344K, reserved 1085440K
  class space    used 5401K, capacity 6181K, committed 6272K, reserved 1048576K
}
Event: 6811.358 GC heap before
{Heap before GC invocations=25 (full 2):
 garbage-first heap   total 81920K, used 65833K [0x0000000701e00000, 0x0000000800000000)
  region size 1024K, 43 young (44032K), 3 survivors (3072K)
 Metaspace       used 39138K, capacity 41204K, committed 41344K, reserved 1085440K
  class space    used 5401K, capacity 6181K, committed 6272K, reserved 1048576K
}
Event: 6811.361 GC heap after
{Heap after GC invocations=26 (full 2):
 garbage-first heap   total 81920K, used 25978K [0x0000000701e00000, 0x0000000800000000)
  region size 1024K, 3 young (3072K), 3 survivors (3072K)
 Metaspace       used 39138K, capacity 41204K, committed 41344K, reserved 1085440K
  class space    used 5401K, capacity 6181K, committed 6272K, reserved 1048576K
}
Event: 8141.874 GC heap before
{Heap before GC invocations=26 (full 2):
 garbage-first heap   total 81920K, used 66938K [0x0000000701e00000, 0x0000000800000000)
  region size 1024K, 43 young (44032K), 3 survivors (3072K)
 Metaspace       used 39138K, capacity 41204K, committed 41344K, reserved 1085440K
  class space    used 5401K, capacity 6181K, committed 6272K, reserved 1048576K
}
Event: 8141.876 GC heap after
{Heap after GC invocations=27 (full 2):
 garbage-first heap   total 81920K, used 26067K [0x0000000701e00000, 0x0000000800000000)
  region size 1024K, 3 young (3072K), 3 survivors (3072K)
 Metaspace       used 39138K, capacity 41204K, committed 41344K, reserved 1085440K
  class space    used 5401K, capacity 6181K, committed 6272K, reserved 1048576K
}
Event: 9488.441 GC heap before
{Heap before GC invocations=27 (full 2):
 garbage-first heap   total 81920K, used 67027K [0x0000000701e00000, 0x0000000800000000)
  region size 1024K, 43 young (44032K), 3 survivors (3072K)
 Metaspace       used 39138K, capacity 41204K, committed 41344K, reserved 1085440K
  class space    used 5401K, capacity 6181K, committed 6272K, reserved 1048576K
}
Event: 9488.444 GC heap after
{Heap after GC invocations=28 (full 2):
 garbage-first heap   total 81920K, used 25877K [0x0000000701e00000, 0x0000000800000000)
  region size 1024K, 3 young (3072K), 3 survivors (3072K)
 Metaspace       used 39138K, capacity 41204K, committed 41344K, reserved 1085440K
  class space    used 5401K, capacity 6181K, committed 6272K, reserved 1048576K
}
Event: 10823.504 GC heap before
{Heap before GC invocations=28 (full 2):
 garbage-first heap   total 81920K, used 66837K [0x0000000701e00000, 0x0000000800000000)
  region size 1024K, 43 young (44032K), 3 survivors (3072K)
 Metaspace       used 39138K, capacity 41204K, committed 41344K, reserved 1085440K
  class space    used 5401K, capacity 6181K, committed 6272K, reserved 1048576K
}
Event: 10823.507 GC heap after
{Heap after GC invocations=29 (full 2):
 garbage-first heap   total 81920K, used 26004K [0x0000000701e00000, 0x0000000800000000)
  region size 1024K, 3 young (3072K), 3 survivors (3072K)
 Metaspace       used 39138K, capacity 41204K, committed 41344K, reserved 1085440K
  class space    used 5401K, capacity 6181K, committed 6272K, reserved 1048576K
}
Event: 12167.812 GC heap before
{Heap before GC invocations=29 (full 2):
 garbage-first heap   total 81920K, used 66964K [0x0000000701e00000, 0x0000000800000000)
  region size 1024K, 43 young (44032K), 3 survivors (3072K)
 Metaspace       used 39138K, capacity 41204K, committed 41344K, reserved 1085440K
  class space    used 5401K, capacity 6181K, committed 6272K, reserved 1048576K
}

